[2025-05-18 10:46:23Z INFO HostContext] No proxy settings were found based on environmental variables (http_proxy/https_proxy/HTTP_PROXY/HTTPS_PROXY)
[2025-05-18 10:46:23Z INFO HostContext] Well known directory 'Bin': 'C:\Users\nikit\AndroidStudioProjects\Calculator\actions-runner\bin'
[2025-05-18 10:46:23Z INFO HostContext] Well known directory 'Root': 'C:\Users\nikit\AndroidStudioProjects\Calculator\actions-runner'
[2025-05-18 10:46:23Z INFO HostContext] Well known config file 'Credentials': 'C:\Users\nikit\AndroidStudioProjects\Calculator\actions-runner\.credentials'
[2025-05-18 10:46:23Z INFO HostContext] Well known directory 'Bin': 'C:\Users\nikit\AndroidStudioProjects\Calculator\actions-runner\bin'
[2025-05-18 10:46:23Z INFO HostContext] Well known directory 'Root': 'C:\Users\nikit\AndroidStudioProjects\Calculator\actions-runner'
[2025-05-18 10:46:23Z INFO HostContext] Well known config file 'Runner': 'C:\Users\nikit\AndroidStudioProjects\Calculator\actions-runner\.runner'
[2025-05-18 10:46:23Z INFO Listener] Runner is built for Windows (X64) - win-x64.
[2025-05-18 10:46:23Z INFO Listener] RuntimeInformation: Microsoft Windows 10.0.26100.
[2025-05-18 10:46:23Z INFO Listener] Version: 2.324.0
[2025-05-18 10:46:23Z INFO Listener] Commit: da3412efd49b1cf1a0fbdcbcee4e4ac4cc2177c8
[2025-05-18 10:46:23Z INFO Listener] Culture: ru-RU
[2025-05-18 10:46:23Z INFO Listener] UI Culture: ru-RU
[2025-05-18 10:46:23Z INFO HostContext] Well known directory 'Bin': 'C:\Users\nikit\AndroidStudioProjects\Calculator\actions-runner\bin'
[2025-05-18 10:46:23Z INFO HostContext] Well known directory 'Root': 'C:\Users\nikit\AndroidStudioProjects\Calculator\actions-runner'
[2025-05-18 10:46:23Z INFO Listener] Validating directory permissions for: 'C:\Users\nikit\AndroidStudioProjects\Calculator\actions-runner'
[2025-05-18 10:46:23Z INFO CommandLineParser] Parse
[2025-05-18 10:46:23Z INFO CommandLineParser] Parsing 1 args
[2025-05-18 10:46:23Z INFO CommandLineParser] parsing argument
[2025-05-18 10:46:23Z INFO CommandLineParser] HasArgs: False
[2025-05-18 10:46:23Z INFO CommandLineParser] Adding Command: run
[2025-05-18 10:46:23Z INFO Listener] Arguments parsed
[2025-05-18 10:46:23Z INFO Runner] ExecuteCommand
[2025-05-18 10:46:23Z INFO ConfigurationStore] currentAssemblyLocation: C:\Users\nikit\AndroidStudioProjects\Calculator\actions-runner\bin\Runner.Listener.dll
[2025-05-18 10:46:23Z INFO HostContext] Well known directory 'Bin': 'C:\Users\nikit\AndroidStudioProjects\Calculator\actions-runner\bin'
[2025-05-18 10:46:23Z INFO ConfigurationStore] binPath: C:\Users\nikit\AndroidStudioProjects\Calculator\actions-runner\bin
[2025-05-18 10:46:23Z INFO HostContext] Well known directory 'Bin': 'C:\Users\nikit\AndroidStudioProjects\Calculator\actions-runner\bin'
[2025-05-18 10:46:23Z INFO HostContext] Well known directory 'Root': 'C:\Users\nikit\AndroidStudioProjects\Calculator\actions-runner'
[2025-05-18 10:46:23Z INFO ConfigurationStore] RootFolder: C:\Users\nikit\AndroidStudioProjects\Calculator\actions-runner
[2025-05-18 10:46:23Z INFO HostContext] Well known directory 'Bin': 'C:\Users\nikit\AndroidStudioProjects\Calculator\actions-runner\bin'
[2025-05-18 10:46:23Z INFO HostContext] Well known directory 'Root': 'C:\Users\nikit\AndroidStudioProjects\Calculator\actions-runner'
[2025-05-18 10:46:23Z INFO HostContext] Well known config file 'Runner': 'C:\Users\nikit\AndroidStudioProjects\Calculator\actions-runner\.runner'
[2025-05-18 10:46:23Z INFO ConfigurationStore] ConfigFilePath: C:\Users\nikit\AndroidStudioProjects\Calculator\actions-runner\.runner
[2025-05-18 10:46:23Z INFO HostContext] Well known directory 'Bin': 'C:\Users\nikit\AndroidStudioProjects\Calculator\actions-runner\bin'
[2025-05-18 10:46:23Z INFO HostContext] Well known directory 'Root': 'C:\Users\nikit\AndroidStudioProjects\Calculator\actions-runner'
[2025-05-18 10:46:23Z INFO HostContext] Well known config file 'MigratedRunner': 'C:\Users\nikit\AndroidStudioProjects\Calculator\actions-runner\.runner_migrated'
[2025-05-18 10:46:23Z INFO ConfigurationStore] MigratedConfigFilePath: C:\Users\nikit\AndroidStudioProjects\Calculator\actions-runner\.runner_migrated
[2025-05-18 10:46:23Z INFO HostContext] Well known directory 'Bin': 'C:\Users\nikit\AndroidStudioProjects\Calculator\actions-runner\bin'
[2025-05-18 10:46:23Z INFO HostContext] Well known directory 'Root': 'C:\Users\nikit\AndroidStudioProjects\Calculator\actions-runner'
[2025-05-18 10:46:23Z INFO HostContext] Well known config file 'Credentials': 'C:\Users\nikit\AndroidStudioProjects\Calculator\actions-runner\.credentials'
[2025-05-18 10:46:23Z INFO ConfigurationStore] CredFilePath: C:\Users\nikit\AndroidStudioProjects\Calculator\actions-runner\.credentials
[2025-05-18 10:46:23Z INFO HostContext] Well known directory 'Bin': 'C:\Users\nikit\AndroidStudioProjects\Calculator\actions-runner\bin'
[2025-05-18 10:46:23Z INFO HostContext] Well known directory 'Root': 'C:\Users\nikit\AndroidStudioProjects\Calculator\actions-runner'
[2025-05-18 10:46:23Z INFO HostContext] Well known config file 'MigratedCredentials': 'C:\Users\nikit\AndroidStudioProjects\Calculator\actions-runner\.credentials_migrated'
[2025-05-18 10:46:23Z INFO ConfigurationStore] MigratedCredFilePath: C:\Users\nikit\AndroidStudioProjects\Calculator\actions-runner\.credentials_migrated
[2025-05-18 10:46:23Z INFO HostContext] Well known directory 'Bin': 'C:\Users\nikit\AndroidStudioProjects\Calculator\actions-runner\bin'
[2025-05-18 10:46:23Z INFO HostContext] Well known directory 'Root': 'C:\Users\nikit\AndroidStudioProjects\Calculator\actions-runner'
[2025-05-18 10:46:23Z INFO HostContext] Well known config file 'Service': 'C:\Users\nikit\AndroidStudioProjects\Calculator\actions-runner\.service'
[2025-05-18 10:46:23Z INFO ConfigurationStore] ServiceConfigFilePath: C:\Users\nikit\AndroidStudioProjects\Calculator\actions-runner\.service
[2025-05-18 10:46:23Z INFO CommandSettings] Flag 'help': 'False'
[2025-05-18 10:46:23Z INFO CommandSettings] Flag 'version': 'False'
[2025-05-18 10:46:23Z INFO CommandSettings] Flag 'commit': 'False'
[2025-05-18 10:46:23Z INFO CommandSettings] Flag 'check': 'False'
[2025-05-18 10:46:23Z INFO CommandSettings] Command 'configure': 'False'
[2025-05-18 10:46:23Z INFO CommandSettings] Command 'remove': 'False'
[2025-05-18 10:46:23Z INFO CommandSettings] Command 'warmup': 'False'
[2025-05-18 10:46:23Z INFO ConfigurationManager] LoadSettings
[2025-05-18 10:46:23Z INFO ConfigurationStore] IsConfigured()
[2025-05-18 10:46:23Z INFO ConfigurationStore] IsConfigured: True
[2025-05-18 10:46:23Z INFO ConfigurationManager] Is configured: True
[2025-05-18 10:46:23Z INFO ConfigurationStore] Read setting file: 317 chars
[2025-05-18 10:46:23Z INFO ConfigurationManager] Settings Loaded
[2025-05-18 10:46:23Z INFO ConfigurationStore] IsServiceConfigured()
[2025-05-18 10:46:23Z INFO ConfigurationStore] IsServiceConfigured: False
[2025-05-18 10:46:23Z INFO CommandSettings] Command 'run': 'True'
[2025-05-18 10:46:23Z INFO ConfigurationStore] IsConfigured()
[2025-05-18 10:46:23Z INFO ConfigurationStore] IsConfigured: True
[2025-05-18 10:46:23Z INFO ConfigurationManager] Is configured: True
[2025-05-18 10:46:23Z INFO Runner] Could not parse the argument value '' for StartupType. Defaulting to Manual
[2025-05-18 10:46:23Z INFO Runner] Set runner startup type - Manual
[2025-05-18 10:46:23Z INFO CommandSettings] Flag 'once': 'False'
[2025-05-18 10:46:23Z INFO CommandSettings] Flag 'once': 'False'
[2025-05-18 10:46:23Z INFO Runner] RunAsync
[2025-05-18 10:46:23Z INFO ConfigurationManager] LoadMigratedSettings
[2025-05-18 10:46:23Z INFO ConfigurationStore] IsMigratedConfigured()
[2025-05-18 10:46:23Z INFO ConfigurationStore] IsMigratedConfigured: False
[2025-05-18 10:46:23Z INFO Runner] Failed to load migrated settings: No migrated configuration found.
[2025-05-18 10:46:23Z INFO Runner] Falling back to original .runner settings
[2025-05-18 10:46:23Z INFO ConfigurationManager] LoadSettings
[2025-05-18 10:46:23Z INFO ConfigurationStore] IsConfigured()
[2025-05-18 10:46:23Z INFO ConfigurationStore] IsConfigured: True
[2025-05-18 10:46:23Z INFO ConfigurationManager] Is configured: True
[2025-05-18 10:46:23Z INFO ConfigurationManager] Settings Loaded
[2025-05-18 10:46:23Z INFO MessageListener] {
  "AgentId": 21,
  "AgentName": "Niks0n_PC_Runner",
  "PoolId": 1,
  "PoolName": "Default",
  "ServerUrl": "https://pipelinesghubeus25.actions.githubusercontent.com/I4k7HKTD2DYrjhRQJW5dzS47eKfW4fZ5SEZHrN5FtmVEAiyYj7/",
  "GitHubUrl": "https://github.com/Niks0nP/MobileApp",
  "WorkFolder": "runner_folder"
}
[2025-05-18 10:46:23Z INFO MessageListener] Loading Credentials
[2025-05-18 10:46:23Z INFO ConfigurationStore] HasCredentials()
[2025-05-18 10:46:23Z INFO ConfigurationStore] stored True
[2025-05-18 10:46:23Z INFO CredentialManager] GetCredentialProvider
[2025-05-18 10:46:23Z INFO CredentialManager] Creating type OAuth
[2025-05-18 10:46:23Z INFO CredentialManager] Creating credential type: OAuth
[2025-05-18 10:46:23Z INFO HostContext] Well known directory 'Bin': 'C:\Users\nikit\AndroidStudioProjects\Calculator\actions-runner\bin'
[2025-05-18 10:46:23Z INFO HostContext] Well known directory 'Root': 'C:\Users\nikit\AndroidStudioProjects\Calculator\actions-runner'
[2025-05-18 10:46:23Z INFO HostContext] Well known config file 'RSACredentials': 'C:\Users\nikit\AndroidStudioProjects\Calculator\actions-runner\.credentials_rsaparams'
[2025-05-18 10:46:23Z INFO RSAEncryptedFileKeyManager] Loading RSA key parameters from file C:\Users\nikit\AndroidStudioProjects\Calculator\actions-runner\.credentials_rsaparams
[2025-05-18 10:46:23Z INFO MessageListener] Attempt to create session.
[2025-05-18 10:46:23Z INFO MessageListener] Connecting to the Runner Server...
[2025-05-18 10:46:23Z INFO RunnerServer] EstablishVssConnection
[2025-05-18 10:46:23Z INFO RunnerServer] Establish connection with 100 seconds timeout.
[2025-05-18 10:46:23Z INFO GitHubActionsService] Starting operation Location.GetConnectionData
[2025-05-18 10:46:23Z INFO RunnerServer] EstablishVssConnection
[2025-05-18 10:46:23Z INFO RunnerServer] Establish connection with 60 seconds timeout.
[2025-05-18 10:46:23Z INFO GitHubActionsService] Starting operation Location.GetConnectionData
[2025-05-18 10:46:23Z INFO RunnerServer] EstablishVssConnection
[2025-05-18 10:46:23Z INFO RunnerServer] Establish connection with 60 seconds timeout.
[2025-05-18 10:46:23Z INFO GitHubActionsService] Starting operation Location.GetConnectionData
[2025-05-18 10:46:33Z INFO GitHubActionsService] Finished operation Location.GetConnectionData
[2025-05-18 10:46:33Z INFO GitHubActionsService] Finished operation Location.GetConnectionData
[2025-05-18 10:46:33Z INFO GitHubActionsService] Finished operation Location.GetConnectionData
[2025-05-18 10:46:33Z INFO MessageListener] VssConnection created
[2025-05-18 10:46:33Z INFO Terminal] WRITE LINE: 
[2025-05-18 10:46:33Z INFO Terminal] WRITE LINE: 
[2025-05-18 10:46:33Z INFO RSAEncryptedFileKeyManager] Loading RSA key parameters from file C:\Users\nikit\AndroidStudioProjects\Calculator\actions-runner\.credentials_rsaparams
[2025-05-18 10:46:33Z INFO RSAEncryptedFileKeyManager] Loading RSA key parameters from file C:\Users\nikit\AndroidStudioProjects\Calculator\actions-runner\.credentials_rsaparams
[2025-05-18 10:46:42Z INFO GitHubActionsService] AAD Correlation ID for this token request: Unknown
[2025-05-18 10:46:42Z WARN GitHubActionsService] Retrieving an AAD auth token took a long time (8,1142739 seconds)
[2025-05-18 10:46:42Z INFO MessageListener] Session created.
[2025-05-18 10:46:42Z INFO MessageListener] Registering AuthMigrationChanged event handler.
[2025-05-18 10:46:42Z INFO Terminal] WRITE LINE: Current runner version: '2.324.0'
[2025-05-18 10:46:42Z INFO Terminal] WRITE LINE: 2025-05-18 10:46:42Z: Listening for Jobs
[2025-05-18 10:46:42Z INFO JobDispatcher] Set runner/worker IPC timeout to 30 seconds.
[2025-05-18 10:46:42Z INFO ConfigurationStore] HasCredentials()
[2025-05-18 10:46:42Z INFO ConfigurationStore] stored True
[2025-05-18 10:46:42Z INFO CredentialManager] GetCredentialProvider
[2025-05-18 10:46:42Z INFO CredentialManager] Creating type OAuth
[2025-05-18 10:46:42Z INFO CredentialManager] Creating credential type: OAuth
[2025-05-18 10:46:42Z INFO RSAEncryptedFileKeyManager] Loading RSA key parameters from file C:\Users\nikit\AndroidStudioProjects\Calculator\actions-runner\.credentials_rsaparams
[2025-05-18 10:46:42Z INFO RSAEncryptedFileKeyManager] Loading RSA key parameters from file C:\Users\nikit\AndroidStudioProjects\Calculator\actions-runner\.credentials_rsaparams
[2025-05-18 10:46:42Z INFO RSAEncryptedFileKeyManager] Loading RSA key parameters from file C:\Users\nikit\AndroidStudioProjects\Calculator\actions-runner\.credentials_rsaparams
[2025-05-18 10:46:43Z INFO GitHubActionsService] AAD Correlation ID for this token request: Unknown
[2025-05-18 10:47:33Z INFO ConfigurationStore] HasCredentials()
[2025-05-18 10:47:33Z INFO ConfigurationStore] stored True
[2025-05-18 10:47:33Z INFO CredentialManager] GetCredentialProvider
[2025-05-18 10:47:33Z INFO CredentialManager] Creating type OAuth
[2025-05-18 10:47:33Z INFO CredentialManager] Creating credential type: OAuth
[2025-05-18 10:47:33Z INFO RSAEncryptedFileKeyManager] Loading RSA key parameters from file C:\Users\nikit\AndroidStudioProjects\Calculator\actions-runner\.credentials_rsaparams
[2025-05-18 10:48:24Z INFO ConfigurationStore] HasCredentials()
[2025-05-18 10:48:24Z INFO ConfigurationStore] stored True
[2025-05-18 10:48:24Z INFO CredentialManager] GetCredentialProvider
[2025-05-18 10:48:24Z INFO CredentialManager] Creating type OAuth
[2025-05-18 10:48:24Z INFO CredentialManager] Creating credential type: OAuth
[2025-05-18 10:48:24Z INFO RSAEncryptedFileKeyManager] Loading RSA key parameters from file C:\Users\nikit\AndroidStudioProjects\Calculator\actions-runner\.credentials_rsaparams
[2025-05-18 10:49:14Z INFO ConfigurationStore] HasCredentials()
[2025-05-18 10:49:14Z INFO ConfigurationStore] stored True
[2025-05-18 10:49:14Z INFO CredentialManager] GetCredentialProvider
[2025-05-18 10:49:14Z INFO CredentialManager] Creating type OAuth
[2025-05-18 10:49:14Z INFO CredentialManager] Creating credential type: OAuth
[2025-05-18 10:49:14Z INFO RSAEncryptedFileKeyManager] Loading RSA key parameters from file C:\Users\nikit\AndroidStudioProjects\Calculator\actions-runner\.credentials_rsaparams
[2025-05-18 10:50:05Z INFO ConfigurationStore] HasCredentials()
[2025-05-18 10:50:05Z INFO ConfigurationStore] stored True
[2025-05-18 10:50:05Z INFO CredentialManager] GetCredentialProvider
[2025-05-18 10:50:05Z INFO CredentialManager] Creating type OAuth
[2025-05-18 10:50:05Z INFO CredentialManager] Creating credential type: OAuth
[2025-05-18 10:50:05Z INFO RSAEncryptedFileKeyManager] Loading RSA key parameters from file C:\Users\nikit\AndroidStudioProjects\Calculator\actions-runner\.credentials_rsaparams
[2025-05-18 10:50:55Z INFO ConfigurationStore] HasCredentials()
[2025-05-18 10:50:55Z INFO ConfigurationStore] stored True
[2025-05-18 10:50:55Z INFO CredentialManager] GetCredentialProvider
[2025-05-18 10:50:55Z INFO CredentialManager] Creating type OAuth
[2025-05-18 10:50:55Z INFO CredentialManager] Creating credential type: OAuth
[2025-05-18 10:50:55Z INFO RSAEncryptedFileKeyManager] Loading RSA key parameters from file C:\Users\nikit\AndroidStudioProjects\Calculator\actions-runner\.credentials_rsaparams
[2025-05-18 10:51:45Z INFO ConfigurationStore] HasCredentials()
[2025-05-18 10:51:45Z INFO ConfigurationStore] stored True
[2025-05-18 10:51:45Z INFO CredentialManager] GetCredentialProvider
[2025-05-18 10:51:45Z INFO CredentialManager] Creating type OAuth
[2025-05-18 10:51:45Z INFO CredentialManager] Creating credential type: OAuth
[2025-05-18 10:51:45Z INFO RSAEncryptedFileKeyManager] Loading RSA key parameters from file C:\Users\nikit\AndroidStudioProjects\Calculator\actions-runner\.credentials_rsaparams
